<?xml version="1.0" encoding="UTF-8"?>
<!-- Generated by org.testng.reporters.JUnitReportReporter -->
<testsuite skipped="0" hostname="dsubhrajyoti" name="com.qa.test.api.Operations" tests="1" failures="0" timestamp="23 May 2020 08:23:00 GMT" time="1.897" errors="0">
  <testcase name="test" time="1.897" classname="com.qa.test.api.Operations"/>
</testsuite> <!-- com.qa.test.api.Operations -->
