<?xml version="1.0" encoding="UTF-8"?>
<!-- Generated by org.testng.reporters.JUnitReportReporter -->
<testsuite skipped="0" hostname="dsubhrajyoti" name="com.qa.test.api.APIMethods" tests="1" failures="0" timestamp="23 May 2020 07:55:48 GMT" time="0.015" errors="0">
  <testcase name="test" time="0.015" classname="com.qa.test.api.APIMethods"/>
</testsuite> <!-- com.qa.test.api.APIMethods -->
